Analysis & Synthesis report for vr
Thu Mar 14 18:17:00 2019
Quartus Prime Version 16.0.0 Build 211 04/27/2016 SJ Lite Edition


---------------------
; Table of Contents ;
---------------------
  1. Legal Notice
  2. Analysis & Synthesis Summary
  3. Analysis & Synthesis Settings
  4. Parallel Compilation
  5. Analysis & Synthesis Messages



----------------
; Legal Notice ;
----------------
Copyright (C) 1991-2016 Altera Corporation. All rights reserved.
Your use of Altera Corporation's design tools, logic functions 
and other software and tools, and its AMPP partner logic 
functions, and any output files from any of the foregoing 
(including device programming or simulation files), and any 
associated documentation or information are expressly subject 
to the terms and conditions of the Altera Program License 
Subscription Agreement, the Altera Quartus Prime License Agreement,
the Altera MegaCore Function License Agreement, or other 
applicable license agreement, including, without limitation, 
that your use is for the sole purpose of programming logic 
devices manufactured by Altera and sold by Altera or its 
authorized distributors.  Please refer to the applicable 
agreement for further details.



+----------------------------------------------------------------------------------+
; Analysis & Synthesis Summary                                                     ;
+------------------------------------+---------------------------------------------+
; Analysis & Synthesis Status        ; Failed - Thu Mar 14 18:17:00 2019           ;
; Quartus Prime Version              ; 16.0.0 Build 211 04/27/2016 SJ Lite Edition ;
; Revision Name                      ; vr                                          ;
; Top-level Entity Name              ; vr                                          ;
; Family                             ; Cyclone IV E                                ;
; Total logic elements               ; N/A until Partition Merge                   ;
;     Total combinational functions  ; N/A until Partition Merge                   ;
;     Dedicated logic registers      ; N/A until Partition Merge                   ;
; Total registers                    ; N/A until Partition Merge                   ;
; Total pins                         ; N/A until Partition Merge                   ;
; Total virtual pins                 ; N/A until Partition Merge                   ;
; Total memory bits                  ; N/A until Partition Merge                   ;
; Embedded Multiplier 9-bit elements ; N/A until Partition Merge                   ;
; Total PLLs                         ; N/A until Partition Merge                   ;
+------------------------------------+---------------------------------------------+


+----------------------------------------------------------------------------------------------------------------------+
; Analysis & Synthesis Settings                                                                                        ;
+----------------------------------------------------------------------------+--------------------+--------------------+
; Option                                                                     ; Setting            ; Default Value      ;
+----------------------------------------------------------------------------+--------------------+--------------------+
; Device                                                                     ; EP4CE115F29C7      ;                    ;
; Top-level entity name                                                      ; vr                 ; vr                 ;
; Family name                                                                ; Cyclone IV E       ; Cyclone IV GX      ;
; Use smart compilation                                                      ; Off                ; Off                ;
; Enable parallel Assembler and TimeQuest Timing Analyzer during compilation ; On                 ; On                 ;
; Enable compact report table                                                ; Off                ; Off                ;
; Restructure Multiplexers                                                   ; Auto               ; Auto               ;
; Create Debugging Nodes for IP Cores                                        ; Off                ; Off                ;
; Preserve fewer node names                                                  ; On                 ; On                 ;
; Disable OpenCore Plus hardware evaluation                                  ; Off                ; Off                ;
; Verilog Version                                                            ; Verilog_2001       ; Verilog_2001       ;
; VHDL Version                                                               ; VHDL_1993          ; VHDL_1993          ;
; State Machine Processing                                                   ; Auto               ; Auto               ;
; Safe State Machine                                                         ; Off                ; Off                ;
; Extract Verilog State Machines                                             ; On                 ; On                 ;
; Extract VHDL State Machines                                                ; On                 ; On                 ;
; Ignore Verilog initial constructs                                          ; Off                ; Off                ;
; Iteration limit for constant Verilog loops                                 ; 5000               ; 5000               ;
; Iteration limit for non-constant Verilog loops                             ; 250                ; 250                ;
; Add Pass-Through Logic to Inferred RAMs                                    ; On                 ; On                 ;
; Infer RAMs from Raw Logic                                                  ; On                 ; On                 ;
; Parallel Synthesis                                                         ; Off                ; Off                ;
; DSP Block Balancing                                                        ; Auto               ; Auto               ;
; NOT Gate Push-Back                                                         ; On                 ; On                 ;
; Power-Up Don't Care                                                        ; On                 ; On                 ;
; Remove Redundant Logic Cells                                               ; Off                ; Off                ;
; Remove Duplicate Registers                                                 ; On                 ; On                 ;
; Ignore CARRY Buffers                                                       ; Off                ; Off                ;
; Ignore CASCADE Buffers                                                     ; Off                ; Off                ;
; Ignore GLOBAL Buffers                                                      ; Off                ; Off                ;
; Ignore ROW GLOBAL Buffers                                                  ; Off                ; Off                ;
; Ignore LCELL Buffers                                                       ; Off                ; Off                ;
; Ignore SOFT Buffers                                                        ; On                 ; On                 ;
; Limit AHDL Integers to 32 Bits                                             ; Off                ; Off                ;
; Optimization Technique                                                     ; Balanced           ; Balanced           ;
; Carry Chain Length                                                         ; 70                 ; 70                 ;
; Auto Carry Chains                                                          ; On                 ; On                 ;
; Auto Open-Drain Pins                                                       ; On                 ; On                 ;
; Perform WYSIWYG Primitive Resynthesis                                      ; Off                ; Off                ;
; Auto ROM Replacement                                                       ; On                 ; On                 ;
; Auto RAM Replacement                                                       ; On                 ; On                 ;
; Auto DSP Block Replacement                                                 ; On                 ; On                 ;
; Auto Shift Register Replacement                                            ; Auto               ; Auto               ;
; Allow Shift Register Merging across Hierarchies                            ; Auto               ; Auto               ;
; Auto Clock Enable Replacement                                              ; On                 ; On                 ;
; Strict RAM Replacement                                                     ; Off                ; Off                ;
; Allow Synchronous Control Signals                                          ; On                 ; On                 ;
; Force Use of Synchronous Clear Signals                                     ; Off                ; Off                ;
; Auto RAM Block Balancing                                                   ; On                 ; On                 ;
; Auto RAM to Logic Cell Conversion                                          ; Off                ; Off                ;
; Auto Resource Sharing                                                      ; Off                ; Off                ;
; Allow Any RAM Size For Recognition                                         ; Off                ; Off                ;
; Allow Any ROM Size For Recognition                                         ; Off                ; Off                ;
; Allow Any Shift Register Size For Recognition                              ; Off                ; Off                ;
; Use LogicLock Constraints during Resource Balancing                        ; On                 ; On                 ;
; Ignore translate_off and synthesis_off directives                          ; Off                ; Off                ;
; Timing-Driven Synthesis                                                    ; Off                ; Off                ;
; Report Parameter Settings                                                  ; On                 ; On                 ;
; Report Source Assignments                                                  ; On                 ; On                 ;
; Report Connectivity Checks                                                 ; On                 ; On                 ;
; Ignore Maximum Fan-Out Assignments                                         ; Off                ; Off                ;
; Synchronization Register Chain Length                                      ; 2                  ; 2                  ;
; PowerPlay Power Optimization During Synthesis                              ; Normal compilation ; Normal compilation ;
; HDL message level                                                          ; Level2             ; Level2             ;
; Suppress Register Optimization Related Messages                            ; Off                ; Off                ;
; Number of Removed Registers Reported in Synthesis Report                   ; 5000               ; 5000               ;
; Number of Swept Nodes Reported in Synthesis Report                         ; 5000               ; 5000               ;
; Number of Inverted Registers Reported in Synthesis Report                  ; 100                ; 100                ;
; Clock MUX Protection                                                       ; On                 ; On                 ;
; Auto Gated Clock Conversion                                                ; Off                ; Off                ;
; Block Design Naming                                                        ; Auto               ; Auto               ;
; SDC constraint protection                                                  ; Off                ; Off                ;
; Synthesis Effort                                                           ; Auto               ; Auto               ;
; Shift Register Replacement - Allow Asynchronous Clear Signal               ; On                 ; On                 ;
; Pre-Mapping Resynthesis Optimization                                       ; Off                ; Off                ;
; Analysis & Synthesis Message Level                                         ; Medium             ; Medium             ;
; Disable Register Merging Across Hierarchies                                ; Auto               ; Auto               ;
; Resource Aware Inference For Block RAM                                     ; On                 ; On                 ;
; Synthesis Seed                                                             ; 1                  ; 1                  ;
+----------------------------------------------------------------------------+--------------------+--------------------+


Parallel compilation was disabled, but you have multiple processors available. Enable parallel compilation to reduce compilation time.
+-------------------------------------+
; Parallel Compilation                ;
+----------------------------+--------+
; Processors                 ; Number ;
+----------------------------+--------+
; Number detected on machine ; 4      ;
; Maximum allowed            ; 1      ;
+----------------------------+--------+


+-------------------------------+
; Analysis & Synthesis Messages ;
+-------------------------------+
Info: *******************************************************************
Info: Running Quartus Prime Analysis & Synthesis
    Info: Version 16.0.0 Build 211 04/27/2016 SJ Lite Edition
    Info: Processing started: Thu Mar 14 18:16:52 2019
Info: Command: quartus_map --read_settings_files=on --write_settings_files=off vr -c vr
Warning (20028): Parallel compilation is not licensed and has been disabled
Info (12021): Found 2 design units, including 2 entities, in source file sdram.v
    Info (12023): Found entity 1: sdram_0_input_efifo_module File: /cmshome/wangy841/waveform-visualizer/sdram.v Line: 21
    Info (12023): Found entity 2: sdram File: /cmshome/wangy841/waveform-visualizer/sdram.v Line: 155
Info (12021): Found 1 design units, including 1 entities, in source file playrec.v
    Info (12023): Found entity 1: playrec File: /cmshome/wangy841/waveform-visualizer/playrec.v Line: 1
Info (12021): Found 1 design units, including 1 entities, in source file hex2seg.v
    Info (12023): Found entity 1: hex2seg File: /cmshome/wangy841/waveform-visualizer/hex2seg.v Line: 1
Info (12021): Found 1 design units, including 1 entities, in source file display.v
    Info (12023): Found entity 1: display File: /cmshome/wangy841/waveform-visualizer/display.v Line: 1
Error (10170): Verilog HDL syntax error at audio.v(76) near text: "+";  expecting "<=", or "=". Check for and fix any syntax errors that appear immediately before or at the specified keyword. The Altera Knowledge Database contains many articles with specific details on how to resolve this error. Visit the Knowledge Database at https://www.altera.com/support/support-resources/knowledge-base/search.html and search for this specific error message number. File: /cmshome/wangy841/waveform-visualizer/audio.v Line: 76
Error (10112): Ignored design unit "audio" at audio.v(1) due to previous errors File: /cmshome/wangy841/waveform-visualizer/audio.v Line: 1
Info (12021): Found 0 design units, including 0 entities, in source file audio.v
Info (12021): Found 1 design units, including 1 entities, in source file cfg_chip.v
    Info (12023): Found entity 1: cfg_chip File: /cmshome/wangy841/waveform-visualizer/cfg_chip.v Line: 1
Error (10170): Verilog HDL syntax error at vr.v(98) near text: "+";  expecting "<=", or "=". Check for and fix any syntax errors that appear immediately before or at the specified keyword. The Altera Knowledge Database contains many articles with specific details on how to resolve this error. Visit the Knowledge Database at https://www.altera.com/support/support-resources/knowledge-base/search.html and search for this specific error message number. File: /cmshome/wangy841/waveform-visualizer/vr.v Line: 98
Error (10112): Ignored design unit "vr" at vr.v(1) due to previous errors File: /cmshome/wangy841/waveform-visualizer/vr.v Line: 1
Info (12021): Found 0 design units, including 0 entities, in source file vr.v
Info (12021): Found 1 design units, including 1 entities, in source file SDRAM_PLL.v
    Info (12023): Found entity 1: SDRAM_PLL File: /cmshome/wangy841/waveform-visualizer/SDRAM_PLL.v Line: 39
Info (12021): Found 1 design units, including 1 entities, in source file vga_adapter/vga_controller.v
    Info (12023): Found entity 1: vga_controller File: /cmshome/wangy841/waveform-visualizer/vga_adapter/vga_controller.v Line: 9
Info (12021): Found 1 design units, including 1 entities, in source file vga_adapter/vga_address_translator.v
    Info (12023): Found entity 1: vga_address_translator File: /cmshome/wangy841/waveform-visualizer/vga_adapter/vga_address_translator.v Line: 4
Warning (10275): Verilog HDL Module Instantiation warning at vga_adapter.v(239): ignored dangling comma in List of Port Connections File: /cmshome/wangy841/waveform-visualizer/vga_adapter/vga_adapter.v Line: 239
Info (12021): Found 1 design units, including 1 entities, in source file vga_adapter/vga_adapter.v
    Info (12023): Found entity 1: vga_adapter File: /cmshome/wangy841/waveform-visualizer/vga_adapter/vga_adapter.v Line: 78
Info (12021): Found 1 design units, including 1 entities, in source file audio_controller/Audio_Controller.v
    Info (12023): Found entity 1: Audio_Controller File: /cmshome/wangy841/waveform-visualizer/audio_controller/Audio_Controller.v Line: 11
Info (12021): Found 1 design units, including 1 entities, in source file audio_controller/Audio_Clock.v
    Info (12023): Found entity 1: Audio_Clock File: /cmshome/wangy841/waveform-visualizer/audio_controller/Audio_Clock.v Line: 39
Info (12021): Found 1 design units, including 1 entities, in source file audio_controller/Audio_and_Video_Config.v
    Info (12023): Found entity 1: Audio_and_Video_Config File: /cmshome/wangy841/waveform-visualizer/audio_controller/Audio_and_Video_Config.v Line: 11
Info (12021): Found 1 design units, including 1 entities, in source file audio_controller/Altera_UP_SYNC_FIFO.v
    Info (12023): Found entity 1: Altera_UP_SYNC_FIFO File: /cmshome/wangy841/waveform-visualizer/audio_controller/Altera_UP_SYNC_FIFO.v Line: 9
Info (12021): Found 1 design units, including 1 entities, in source file audio_controller/Altera_UP_Slow_Clock_Generator.v
    Info (12023): Found entity 1: Altera_UP_Slow_Clock_Generator File: /cmshome/wangy841/waveform-visualizer/audio_controller/Altera_UP_Slow_Clock_Generator.v Line: 15
Info (12021): Found 1 design units, including 1 entities, in source file audio_controller/Altera_UP_I2C_AV_Auto_Initialize.v
    Info (12023): Found entity 1: Altera_UP_I2C_AV_Auto_Initialize File: /cmshome/wangy841/waveform-visualizer/audio_controller/Altera_UP_I2C_AV_Auto_Initialize.v Line: 10
Info (12021): Found 1 design units, including 1 entities, in source file audio_controller/Altera_UP_I2C.v
    Info (12023): Found entity 1: Altera_UP_I2C File: /cmshome/wangy841/waveform-visualizer/audio_controller/Altera_UP_I2C.v Line: 10
Info (12021): Found 1 design units, including 1 entities, in source file audio_controller/Altera_UP_Clock_Edge.v
    Info (12023): Found entity 1: Altera_UP_Clock_Edge File: /cmshome/wangy841/waveform-visualizer/audio_controller/Altera_UP_Clock_Edge.v Line: 10
Info (12021): Found 1 design units, including 1 entities, in source file audio_controller/Altera_UP_Audio_Out_Serializer.v
    Info (12023): Found entity 1: Altera_UP_Audio_Out_Serializer File: /cmshome/wangy841/waveform-visualizer/audio_controller/Altera_UP_Audio_Out_Serializer.v Line: 9
Info (12021): Found 1 design units, including 1 entities, in source file audio_controller/Altera_UP_Audio_In_Deserializer.v
    Info (12023): Found entity 1: Altera_UP_Audio_In_Deserializer File: /cmshome/wangy841/waveform-visualizer/audio_controller/Altera_UP_Audio_In_Deserializer.v Line: 9
Info (12021): Found 1 design units, including 1 entities, in source file audio_controller/Altera_UP_Audio_Bit_Counter.v
    Info (12023): Found entity 1: Altera_UP_Audio_Bit_Counter File: /cmshome/wangy841/waveform-visualizer/audio_controller/Altera_UP_Audio_Bit_Counter.v Line: 11
Error: Quartus Prime Analysis & Synthesis was unsuccessful. 4 errors, 2 warnings
    Error: Peak virtual memory: 1142 megabytes
    Error: Processing ended: Thu Mar 14 18:17:00 2019
    Error: Elapsed time: 00:00:08
    Error: Total CPU time (on all processors): 00:00:18


